#
# There is insufficient memory for the Java Runtime Environment to continue.
# Native memory allocation (mmap) failed to map 27262976 bytes for Failed to commit area from 0x0000000089200000 to 0x000000008ac00000 of length 27262976.
# Possible reasons:
#   The system is out of physical RAM or swap space
#   The process is running with CompressedOops enabled, and the Java Heap may be blocking the growth of the native heap
# Possible solutions:
#   Reduce memory load on the system
#   Increase physical memory or swap space
#   Check if swap backing store is full
#   Decrease Java heap size (-Xmx/-Xms)
#   Decrease number of Java threads
#   Decrease Java thread stack sizes (-Xss)
#   Set larger code cache with -XX:ReservedCodeCacheSize=
#   JVM is running with Unscaled Compressed Oops mode in which the Java heap is
#     placed in the first 4GB address space. The Java Heap base address is the
#     maximum limit for the native heap growth. Please use -XX:HeapBaseMinAddress
#     to set the Java Heap base and to place the Java Heap above 4GB virtual address.
# This output file may be truncated or incomplete.
#
#  Out of Memory Error (./src/hotspot/os/windows/os_windows.cpp:3619), pid=17288, tid=4008
#
# JRE version: OpenJDK Runtime Environment (11.0.13) (build 11.0.13+0-b1751.21-8125866)
# Java VM: OpenJDK 64-Bit Server VM (11.0.13+0-b1751.21-8125866, mixed mode, tiered, compressed oops, g1 gc, windows-amd64)
# No core dump will be written. Minidumps are not enabled by default on client versions of Windows
#

---------------  S U M M A R Y ------------

Command Line: org.jetbrains.kotlin.cli.jvm.K2JVMCompiler @E:\Denso2\app\build\20240213_15077048216073309871.compiler.options

Host: Intel(R) Core(TM) i5-4210U CPU @ 1.70GHz, 4 cores, 7G,  Windows 10 , 64 bit Build 19041 (10.0.19041.3636)
Time: Tue Feb 13 21:14:59 2024 India Standard Time elapsed time: 9.953149 seconds (0d 0h 0m 9s)

---------------  T H R E A D  ---------------

Current thread (0x000002e3cd2b5000):  VMThread "VM Thread" [stack: 0x000000e4adf00000,0x000000e4ae000000] [id=4008]

Stack: [0x000000e4adf00000,0x000000e4ae000000]
[error occurred during error reporting (printing stack bounds), id 0xc0000005, EXCEPTION_ACCESS_VIOLATION (0xc0000005) at pc=0x000002e3b6af112d]

Native frames: (J=compiled Java code, j=interpreted, Vv=VM code, C=native code)
V  [jvm.dll+0x6100fa]
V  [jvm.dll+0x747090]
V  [jvm.dll+0x7486ad]
V  [jvm.dll+0x748ce5]
V  [jvm.dll+0x748c9b]
V  [jvm.dll+0x60f224]
V  [jvm.dll+0x60f9b8]
C  [ntdll.dll+0xa23af]
C  [ntdll.dll+0x514b4]
C  [ntdll.dll+0xa0ebe]
C  0x000002e3b6af112d

VM_Operation (0x000000e4ad9fc5e0): G1CollectForAllocation, mode: safepoint, requested by thread 0x000002e3b1820000


---------------  P R O C E S S  ---------------

Threads class SMR info:
_java_thread_list=0x000002e3cf63b8a0, length=11, elements={
0x000002e3b1820000, 0x000002e3cd2da000, 0x000002e3cd2db800, 0x000002e3cd2ff000,
0x000002e3cd300800, 0x000002e3cd301800, 0x000002e3cd304800, 0x000002e3cd30a800,
0x000002e3cd30c000, 0x000002e3cddc6000, 0x000002e3cfe9f000
}

Java Threads: ( => current thread )
  0x000002e3b1820000 JavaThread "main" [_thread_blocked, id=14024, stack(0x000000e4ad900000,0x000000e4ada00000)]
  0x000002e3cd2da000 JavaThread "Reference Handler" daemon [_thread_blocked, id=10328, stack(0x000000e4ae000000,0x000000e4ae100000)]
  0x000002e3cd2db800 JavaThread "Finalizer" daemon [_thread_blocked, id=7340, stack(0x000000e4ae100000,0x000000e4ae200000)]
  0x000002e3cd2ff000 JavaThread "Signal Dispatcher" daemon [_thread_blocked, id=13760, stack(0x000000e4ae200000,0x000000e4ae300000)]
  0x000002e3cd300800 JavaThread "Attach Listener" daemon [_thread_blocked, id=4388, stack(0x000000e4ae300000,0x000000e4ae400000)]
  0x000002e3cd301800 JavaThread "Service Thread" daemon [_thread_blocked, id=10824, stack(0x000000e4ae400000,0x000000e4ae500000)]
  0x000002e3cd304800 JavaThread "C2 CompilerThread0" daemon [_thread_blocked, id=10768, stack(0x000000e4ae500000,0x000000e4ae600000)]
  0x000002e3cd30a800 JavaThread "C1 CompilerThread0" daemon [_thread_blocked, id=16400, stack(0x000000e4ae600000,0x000000e4ae700000)]
  0x000002e3cd30c000 JavaThread "Sweeper thread" daemon [_thread_blocked, id=17760, stack(0x000000e4ae700000,0x000000e4ae800000)]
  0x000002e3cddc6000 JavaThread "Common-Cleaner" daemon [_thread_blocked, id=5220, stack(0x000000e4ae900000,0x000000e4aea00000)]
  0x000002e3cfe9f000 JavaThread "C2 CompilerThread1" daemon [_thread_blocked, id=2176, stack(0x000000e4aea00000,0x000000e4aeb00000)]

Other Threads:
=>0x000002e3cd2b5000 VMThread "VM Thread" [stack: 0x000000e4adf00000,0x000000e4ae000000] [id=4008]
  0x000002e3cddbd800 WatcherThread [stack: 0x000000e4ae800000,0x000000e4ae900000] [id=9996]
  0x000002e3b1839800 GCTaskThread "GC Thread#0" [stack: 0x000000e4ada00000,0x000000e4adb00000] [id=5504]
  0x000002e3ce190000 GCTaskThread "GC Thread#1" [stack: 0x000000e4aeb00000,0x000000e4aec00000] [id=8136]
  0x000002e3ce266800 GCTaskThread "GC Thread#2" [stack: 0x000000e4aec00000,0x000000e4aed00000] [id=15300]
  0x000002e3b1869000 ConcurrentGCThread "G1 Main Marker" [stack: 0x000000e4adb00000,0x000000e4adc00000] [id=17892]
  0x000002e3b186b800 ConcurrentGCThread "G1 Conc#0" [stack: 0x000000e4adc00000,0x000000e4add00000] [id=4800]
  0x000002e3b18fe000 ConcurrentGCThread "G1 Refine#0" [stack: 0x000000e4add00000,0x000000e4ade00000] [id=11796]
  0x000002e3cd120800 ConcurrentGCThread "G1 Young RemSet Sampling" [stack: 0x000000e4ade00000,0x000000e4adf00000] [id=14588]

Threads with active compile tasks:
C2 CompilerThread0   9967 3680       4       org.jetbrains.kotlin.parsing.AbstractKotlinParsing::at (114 bytes)
C2 CompilerThread1   9967 3658       4       org.jetbrains.kotlin.com.intellij.lang.impl.PsiBuilderImpl::insertLeaves (88 bytes)

VM state:at safepoint (normal execution)

VM Mutex/Monitor currently owned by a thread:  ([mutex/lock_event])
[0x000002e3b181d400] Threads_lock - owner thread: 0x000002e3cd2b5000
[0x000002e3b181c7a0] Heap_lock - owner thread: 0x000002e3b1820000

Heap address: 0x0000000081200000, size: 2030 MB, Compressed Oops mode: 32-bit
Narrow klass base: 0x0000000000000000, Narrow klass shift: 3
Compressed class space size: 1073741824 Address: 0x0000000100000000

Heap:
 garbage-first heap   total 157696K, used 27648K [0x0000000081200000, 0x0000000100000000)
  region size 1024K, 7 young (7168K), 7 survivors (7168K)
 Metaspace       used 44886K, capacity 45393K, committed 45520K, reserved 1089536K
  class space    used 5254K, capacity 5472K, committed 5504K, reserved 1048576K
Heap Regions: E=young(eden), S=young(survivor), O=old, HS=humongous(starts), HC=humongous(continues), CS=collection set, F=free, A=archive, TAMS=top-at-mark-start (previous, next)
|   0|0x0000000081200000, 0x0000000081300000, 0x0000000081300000|100%|HS|  |TAMS 0x0000000081300000, 0x0000000081300000| Complete 
|   1|0x0000000081300000, 0x0000000081400000, 0x0000000081400000|100%|HC|  |TAMS 0x0000000081400000, 0x0000000081400000| Complete 
|   2|0x0000000081400000, 0x0000000081500000, 0x0000000081500000|100%|HC|  |TAMS 0x0000000081500000, 0x0000000081500000| Complete 
|   3|0x0000000081500000, 0x0000000081600000, 0x0000000081600000|100%| O|  |TAMS 0x0000000081600000, 0x0000000081600000| Untracked 
|   4|0x0000000081600000, 0x0000000081700000, 0x0000000081700000|100%| O|  |TAMS 0x0000000081700000, 0x0000000081700000| Untracked 
|   5|0x0000000081700000, 0x0000000081800000, 0x0000000081800000|100%|HS|  |TAMS 0x0000000081800000, 0x0000000081800000| Complete 
|   6|0x0000000081800000, 0x0000000081900000, 0x0000000081900000|100%|HC|  |TAMS 0x0000000081900000, 0x0000000081900000| Complete 
|   7|0x0000000081900000, 0x0000000081a00000, 0x0000000081a00000|100%|HC|  |TAMS 0x0000000081a00000, 0x0000000081a00000| Complete 
|   8|0x0000000081a00000, 0x0000000081a00000, 0x0000000081b00000|  0%| F|  |TAMS 0x0000000081a00000, 0x0000000081a00000| Untracked 
|   9|0x0000000081b00000, 0x0000000081b00000, 0x0000000081c00000|  0%| F|  |TAMS 0x0000000081b00000, 0x0000000081b00000| Untracked 
|  10|0x0000000081c00000, 0x0000000081d00000, 0x0000000081d00000|100%| O|  |TAMS 0x0000000081d00000, 0x0000000081d00000| Untracked 
|  11|0x0000000081d00000, 0x0000000081e00000, 0x0000000081e00000|100%| O|  |TAMS 0x0000000081e00000, 0x0000000081e00000| Untracked 
|  12|0x0000000081e00000, 0x0000000081f00000, 0x0000000081f00000|100%| O|  |TAMS 0x0000000081f00000, 0x0000000081f00000| Untracked 
|  13|0x0000000081f00000, 0x0000000082000000, 0x0000000082000000|100%| O|  |TAMS 0x0000000082000000, 0x0000000082000000| Untracked 
|  14|0x0000000082000000, 0x0000000082100000, 0x0000000082100000|100%| O|  |TAMS 0x0000000082100000, 0x0000000082100000| Untracked 
|  15|0x0000000082100000, 0x0000000082200000, 0x0000000082200000|100%| O|  |TAMS 0x0000000082200000, 0x0000000082200000| Untracked 
|  16|0x0000000082200000, 0x0000000082300000, 0x0000000082300000|100%| O|  |TAMS 0x0000000082300000, 0x0000000082300000| Untracked 
|  17|0x0000000082300000, 0x0000000082400000, 0x0000000082400000|100%| O|  |TAMS 0x0000000082400000, 0x0000000082400000| Untracked 
|  18|0x0000000082400000, 0x0000000082500000, 0x0000000082500000|100%| O|  |TAMS 0x0000000082500000, 0x0000000082500000| Untracked 
|  19|0x0000000082500000, 0x0000000082600000, 0x0000000082600000|100%| O|  |TAMS 0x0000000082600000, 0x0000000082600000| Untracked 
|  20|0x0000000082600000, 0x0000000082700000, 0x0000000082700000|100%| O|  |TAMS 0x00000000826adc00, 0x0000000082700000| Untracked 
|  21|0x0000000082700000, 0x0000000082800000, 0x0000000082800000|100%| O|  |TAMS 0x0000000082700000, 0x0000000082800000| Untracked 
|  22|0x0000000082800000, 0x0000000082800000, 0x0000000082900000|  0%| F|  |TAMS 0x0000000082800000, 0x0000000082800000| Untracked 
|  23|0x0000000082900000, 0x0000000082900000, 0x0000000082a00000|  0%| F|  |TAMS 0x0000000082900000, 0x0000000082900000| Untracked 
|  24|0x0000000082a00000, 0x0000000082a00000, 0x0000000082b00000|  0%| F|  |TAMS 0x0000000082a00000, 0x0000000082a00000| Untracked 
|  25|0x0000000082b00000, 0x0000000082b00000, 0x0000000082c00000|  0%| F|  |TAMS 0x0000000082b00000, 0x0000000082b00000| Untracked 
|  26|0x0000000082c00000, 0x0000000082c00000, 0x0000000082d00000|  0%| F|  |TAMS 0x0000000082c00000, 0x0000000082c00000| Untracked 
|  27|0x0000000082d00000, 0x0000000082d00000, 0x0000000082e00000|  0%| F|  |TAMS 0x0000000082d00000, 0x0000000082d00000| Untracked 
|  28|0x0000000082e00000, 0x0000000082e00000, 0x0000000082f00000|  0%| F|  |TAMS 0x0000000082e00000, 0x0000000082e00000| Untracked 
|  29|0x0000000082f00000, 0x0000000082f00000, 0x0000000083000000|  0%| F|  |TAMS 0x0000000082f00000, 0x0000000082f00000| Untracked 
|  30|0x0000000083000000, 0x0000000083000000, 0x0000000083100000|  0%| F|  |TAMS 0x0000000083000000, 0x0000000083000000| Untracked 
|  31|0x0000000083100000, 0x0000000083100000, 0x0000000083200000|  0%| F|  |TAMS 0x0000000083100000, 0x0000000083100000| Untracked 
|  32|0x0000000083200000, 0x0000000083200000, 0x0000000083300000|  0%| F|  |TAMS 0x0000000083200000, 0x0000000083200000| Untracked 
|  33|0x0000000083300000, 0x0000000083300000, 0x0000000083400000|  0%| F|  |TAMS 0x0000000083300000, 0x0000000083300000| Untracked 
|  34|0x0000000083400000, 0x0000000083400000, 0x0000000083500000|  0%| F|  |TAMS 0x0000000083400000, 0x0000000083400000| Untracked 
|  35|0x0000000083500000, 0x0000000083500000, 0x0000000083600000|  0%| F|  |TAMS 0x0000000083500000, 0x0000000083500000| Untracked 
|  36|0x0000000083600000, 0x0000000083600000, 0x0000000083700000|  0%| F|  |TAMS 0x0000000083600000, 0x0000000083600000| Untracked 
|  37|0x0000000083700000, 0x0000000083700000, 0x0000000083800000|  0%| F|  |TAMS 0x0000000083700000, 0x0000000083700000| Untracked 
|  38|0x0000000083800000, 0x0000000083800000, 0x0000000083900000|  0%| F|  |TAMS 0x0000000083800000, 0x0000000083800000| Untracked 
|  39|0x0000000083900000, 0x0000000083900000, 0x0000000083a00000|  0%| F|  |TAMS 0x0000000083900000, 0x0000000083900000| Untracked 
|  40|0x0000000083a00000, 0x0000000083a00000, 0x0000000083b00000|  0%| F|  |TAMS 0x0000000083a00000, 0x0000000083a00000| Untracked 
|  41|0x0000000083b00000, 0x0000000083b00000, 0x0000000083c00000|  0%| F|  |TAMS 0x0000000083b00000, 0x0000000083b00000| Untracked 
|  42|0x0000000083c00000, 0x0000000083c00000, 0x0000000083d00000|  0%| F|  |TAMS 0x0000000083c00000, 0x0000000083c00000| Untracked 
|  43|0x0000000083d00000, 0x0000000083d00000, 0x0000000083e00000|  0%| F|  |TAMS 0x0000000083d00000, 0x0000000083d00000| Untracked 
|  44|0x0000000083e00000, 0x0000000083e00000, 0x0000000083f00000|  0%| F|  |TAMS 0x0000000083e00000, 0x0000000083e00000| Untracked 
|  45|0x0000000083f00000, 0x0000000083f00000, 0x0000000084000000|  0%| F|  |TAMS 0x0000000083f00000, 0x0000000083f00000| Untracked 
|  46|0x0000000084000000, 0x0000000084000000, 0x0000000084100000|  0%| F|  |TAMS 0x0000000084000000, 0x0000000084000000| Untracked 
|  47|0x0000000084100000, 0x0000000084100000, 0x0000000084200000|  0%| F|  |TAMS 0x0000000084100000, 0x0000000084100000| Untracked 
|  48|0x0000000084200000, 0x0000000084200000, 0x0000000084300000|  0%| F|  |TAMS 0x0000000084200000, 0x0000000084200000| Untracked 
|  49|0x0000000084300000, 0x0000000084300000, 0x0000000084400000|  0%| F|  |TAMS 0x0000000084300000, 0x0000000084300000| Untracked 
|  50|0x0000000084400000, 0x0000000084400000, 0x0000000084500000|  0%| F|  |TAMS 0x0000000084400000, 0x0000000084400000| Untracked 
|  51|0x0000000084500000, 0x0000000084500000, 0x0000000084600000|  0%| F|  |TAMS 0x0000000084500000, 0x0000000084500000| Untracked 
|  52|0x0000000084600000, 0x0000000084600000, 0x0000000084700000|  0%| F|  |TAMS 0x0000000084600000, 0x0000000084600000| Untracked 
|  53|0x0000000084700000, 0x0000000084700000, 0x0000000084800000|  0%| F|  |TAMS 0x0000000084700000, 0x0000000084700000| Untracked 
|  54|0x0000000084800000, 0x0000000084800000, 0x0000000084900000|  0%| F|  |TAMS 0x0000000084800000, 0x0000000084800000| Untracked 
|  55|0x0000000084900000, 0x0000000084900000, 0x0000000084a00000|  0%| F|  |TAMS 0x0000000084900000, 0x0000000084900000| Untracked 
|  56|0x0000000084a00000, 0x0000000084a00000, 0x0000000084b00000|  0%| F|  |TAMS 0x0000000084a00000, 0x0000000084a00000| Untracked 
|  57|0x0000000084b00000, 0x0000000084b00000, 0x0000000084c00000|  0%| F|  |TAMS 0x0000000084b00000, 0x0000000084b00000| Untracked 
|  58|0x0000000084c00000, 0x0000000084c00000, 0x0000000084d00000|  0%| F|  |TAMS 0x0000000084c00000, 0x0000000084c00000| Untracked 
|  59|0x0000000084d00000, 0x0000000084d00000, 0x0000000084e00000|  0%| F|  |TAMS 0x0000000084d00000, 0x0000000084d00000| Untracked 
|  60|0x0000000084e00000, 0x0000000084e00000, 0x0000000084f00000|  0%| F|  |TAMS 0x0000000084e00000, 0x0000000084e00000| Untracked 
|  61|0x0000000084f00000, 0x0000000084f00000, 0x0000000085000000|  0%| F|  |TAMS 0x0000000084f00000, 0x0000000084f00000| Untracked 
|  62|0x0000000085000000, 0x0000000085000000, 0x0000000085100000|  0%| F|  |TAMS 0x0000000085000000, 0x0000000085000000| Untracked 
|  63|0x0000000085100000, 0x0000000085100000, 0x0000000085200000|  0%| F|  |TAMS 0x0000000085100000, 0x0000000085100000| Untracked 
|  64|0x0000000085200000, 0x0000000085200000, 0x0000000085300000|  0%| F|  |TAMS 0x0000000085200000, 0x0000000085200000| Untracked 
|  65|0x0000000085300000, 0x0000000085400000, 0x0000000085400000|100%| S|CS|TAMS 0x0000000085300000, 0x0000000085300000| Complete 
|  66|0x0000000085400000, 0x0000000085500000, 0x0000000085500000|100%| S|CS|TAMS 0x0000000085400000, 0x0000000085400000| Complete 
|  67|0x0000000085500000, 0x0000000085600000, 0x0000000085600000|100%| S|CS|TAMS 0x0000000085500000, 0x0000000085500000| Complete 
|  68|0x0000000085600000, 0x0000000085700000, 0x0000000085700000|100%| S|CS|TAMS 0x0000000085600000, 0x0000000085600000| Complete 
|  69|0x0000000085700000, 0x0000000085800000, 0x0000000085800000|100%| S|CS|TAMS 0x0000000085700000, 0x0000000085700000| Complete 
|  70|0x0000000085800000, 0x0000000085900000, 0x0000000085900000|100%| S|CS|TAMS 0x0000000085800000, 0x0000000085800000| Complete 
|  71|0x0000000085900000, 0x0000000085a00000, 0x0000000085a00000|100%| S|CS|TAMS 0x0000000085900000, 0x0000000085900000| Complete 
|  72|0x0000000085a00000, 0x0000000085a00000, 0x0000000085b00000|  0%| F|  |TAMS 0x0000000085a00000, 0x0000000085a00000| Untracked 
|  73|0x0000000085b00000, 0x0000000085b00000, 0x0000000085c00000|  0%| F|  |TAMS 0x0000000085b00000, 0x0000000085b00000| Untracked 
|  74|0x0000000085c00000, 0x0000000085c00000, 0x0000000085d00000|  0%| F|  |TAMS 0x0000000085c00000, 0x0000000085c00000| Untracked 
|  75|0x0000000085d00000, 0x0000000085d00000, 0x0000000085e00000|  0%| F|  |TAMS 0x0000000085d00000, 0x0000000085d00000| Untracked 
|  76|0x0000000085e00000, 0x0000000085e00000, 0x0000000085f00000|  0%| F|  |TAMS 0x0000000085e00000, 0x0000000085e00000| Untracked 
|  77|0x0000000085f00000, 0x0000000085f00000, 0x0000000086000000|  0%| F|  |TAMS 0x0000000085f00000, 0x0000000085f00000| Untracked 
|  78|0x0000000086000000, 0x0000000086000000, 0x0000000086100000|  0%| F|  |TAMS 0x0000000086000000, 0x0000000086000000| Untracked 
|  79|0x0000000086100000, 0x0000000086100000, 0x0000000086200000|  0%| F|  |TAMS 0x0000000086100000, 0x0000000086100000| Untracked 
|  80|0x0000000086200000, 0x0000000086200000, 0x0000000086300000|  0%| F|  |TAMS 0x0000000086200000, 0x0000000086200000| Untracked 
|  81|0x0000000086300000, 0x0000000086300000, 0x0000000086400000|  0%| F|  |TAMS 0x0000000086300000, 0x0000000086300000| Untracked 
|  82|0x0000000086400000, 0x0000000086400000, 0x0000000086500000|  0%| F|  |TAMS 0x0000000086400000, 0x0000000086400000| Untracked 
|  83|0x0000000086500000, 0x0000000086500000, 0x0000000086600000|  0%| F|  |TAMS 0x0000000086500000, 0x0000000086500000| Untracked 
|  84|0x0000000086600000, 0x0000000086600000, 0x0000000086700000|  0%| F|  |TAMS 0x0000000086600000, 0x0000000086600000| Untracked 
|  85|0x0000000086700000, 0x0000000086700000, 0x0000000086800000|  0%| F|  |TAMS 0x0000000086700000, 0x0000000086700000| Untracked 
|  86|0x0000000086800000, 0x0000000086800000, 0x0000000086900000|  0%| F|  |TAMS 0x0000000086800000, 0x0000000086800000| Untracked 
|  87|0x0000000086900000, 0x0000000086900000, 0x0000000086a00000|  0%| F|  |TAMS 0x0000000086900000, 0x0000000086900000| Untracked 
|  88|0x0000000086a00000, 0x0000000086a00000, 0x0000000086b00000|  0%| F|  |TAMS 0x0000000086a00000, 0x0000000086a00000| Untracked 
|  89|0x0000000086b00000, 0x0000000086b00000, 0x0000000086c00000|  0%| F|  |TAMS 0x0000000086b00000, 0x0000000086b00000| Untracked 
|  90|0x0000000086c00000, 0x0000000086c00000, 0x0000000086d00000|  0%| F|  |TAMS 0x0000000086c00000, 0x0000000086c00000| Untracked 
|  91|0x0000000086d00000, 0x0000000086d00000, 0x0000000086e00000|  0%| F|  |TAMS 0x0000000086d00000, 0x0000000086d00000| Untracked 
|  92|0x0000000086e00000, 0x0000000086e00000, 0x0000000086f00000|  0%| F|  |TAMS 0x0000000086e00000, 0x0000000086e00000| Untracked 
|  93|0x0000000086f00000, 0x0000000086f00000, 0x0000000087000000|  0%| F|  |TAMS 0x0000000086f00000, 0x0000000086f00000| Untracked 
|  94|0x0000000087000000, 0x0000000087000000, 0x0000000087100000|  0%| F|  |TAMS 0x0000000087000000, 0x0000000087000000| Untracked 
|  95|0x0000000087100000, 0x0000000087100000, 0x0000000087200000|  0%| F|  |TAMS 0x0000000087100000, 0x0000000087100000| Untracked 
|  96|0x0000000087200000, 0x0000000087200000, 0x0000000087300000|  0%| F|  |TAMS 0x0000000087200000, 0x0000000087200000| Untracked 
|  97|0x0000000087300000, 0x0000000087300000, 0x0000000087400000|  0%| F|  |TAMS 0x0000000087300000, 0x0000000087300000| Untracked 
|  98|0x0000000087400000, 0x0000000087400000, 0x0000000087500000|  0%| F|  |TAMS 0x0000000087400000, 0x0000000087400000| Untracked 
|  99|0x0000000087500000, 0x0000000087500000, 0x0000000087600000|  0%| F|  |TAMS 0x0000000087500000, 0x0000000087500000| Untracked 
| 100|0x0000000087600000, 0x0000000087600000, 0x0000000087700000|  0%| F|  |TAMS 0x0000000087600000, 0x0000000087600000| Untracked 
| 101|0x0000000087700000, 0x0000000087700000, 0x0000000087800000|  0%| F|  |TAMS 0x0000000087700000, 0x0000000087700000| Untracked 
| 102|0x0000000087800000, 0x0000000087800000, 0x0000000087900000|  0%| F|  |TAMS 0x0000000087800000, 0x0000000087800000| Untracked 
| 103|0x0000000087900000, 0x0000000087900000, 0x0000000087a00000|  0%| F|  |TAMS 0x0000000087900000, 0x0000000087900000| Untracked 
| 104|0x0000000087a00000, 0x0000000087a00000, 0x0000000087b00000|  0%| F|  |TAMS 0x0000000087a00000, 0x0000000087a00000| Untracked 
| 105|0x0000000087b00000, 0x0000000087b00000, 0x0000000087c00000|  0%| F|  |TAMS 0x0000000087b00000, 0x0000000087b00000| Untracked 
| 106|0x0000000087c00000, 0x0000000087c00000, 0x0000000087d00000|  0%| F|  |TAMS 0x0000000087c00000, 0x0000000087c00000| Untracked 
| 107|0x0000000087d00000, 0x0000000087d00000, 0x0000000087e00000|  0%| F|  |TAMS 0x0000000087d00000, 0x0000000087d00000| Untracked 
| 108|0x0000000087e00000, 0x0000000087e00000, 0x0000000087f00000|  0%| F|  |TAMS 0x0000000087e00000, 0x0000000087e00000| Untracked 
| 109|0x0000000087f00000, 0x0000000087f00000, 0x0000000088000000|  0%| F|  |TAMS 0x0000000087f00000, 0x0000000087f00000| Untracked 
| 110|0x0000000088000000, 0x0000000088000000, 0x0000000088100000|  0%| F|  |TAMS 0x0000000088000000, 0x0000000088000000| Untracked 
| 111|0x0000000088100000, 0x0000000088100000, 0x0000000088200000|  0%| F|  |TAMS 0x0000000088100000, 0x0000000088100000| Untracked 
| 112|0x0000000088200000, 0x0000000088200000, 0x0000000088300000|  0%| F|  |TAMS 0x0000000088200000, 0x0000000088200000| Untracked 
| 113|0x0000000088300000, 0x0000000088300000, 0x0000000088400000|  0%| F|  |TAMS 0x0000000088300000, 0x0000000088300000| Untracked 
| 114|0x0000000088400000, 0x0000000088400000, 0x0000000088500000|  0%| F|  |TAMS 0x0000000088400000, 0x0000000088400000| Untracked 
| 115|0x0000000088500000, 0x0000000088500000, 0x0000000088600000|  0%| F|  |TAMS 0x0000000088500000, 0x0000000088500000| Untracked 
| 116|0x0000000088600000, 0x0000000088600000, 0x0000000088700000|  0%| F|  |TAMS 0x0000000088600000, 0x0000000088600000| Untracked 
| 117|0x0000000088700000, 0x0000000088700000, 0x0000000088800000|  0%| F|  |TAMS 0x0000000088700000, 0x0000000088700000| Untracked 
| 118|0x0000000088800000, 0x0000000088800000, 0x0000000088900000|  0%| F|  |TAMS 0x0000000088800000, 0x0000000088800000| Untracked 
| 119|0x0000000088900000, 0x0000000088900000, 0x0000000088a00000|  0%| F|  |TAMS 0x0000000088900000, 0x0000000088900000| Untracked 
| 120|0x0000000088a00000, 0x0000000088a00000, 0x0000000088b00000|  0%| F|  |TAMS 0x0000000088a00000, 0x0000000088a00000| Untracked 
| 121|0x0000000088b00000, 0x0000000088b00000, 0x0000000088c00000|  0%| F|  |TAMS 0x0000000088b00000, 0x0000000088b00000| Untracked 
| 122|0x0000000088c00000, 0x0000000088c00000, 0x0000000088d00000|  0%| F|  |TAMS 0x0000000088c00000, 0x0000000088c00000| Untracked 
| 123|0x0000000088d00000, 0x0000000088d00000, 0x0000000088e00000|  0%| F|  |TAMS 0x0000000088d00000, 0x0000000088d00000| Untracked 
| 124|0x0000000088e00000, 0x0000000088e00000, 0x0000000088f00000|  0%| F|  |TAMS 0x0000000088e00000, 0x0000000088e00000| Untracked 
| 125|0x0000000088f00000, 0x0000000088f00000, 0x0000000089000000|  0%| F|  |TAMS 0x0000000088f00000, 0x0000000088f00000| Untracked 
| 126|0x0000000089000000, 0x0000000089000000, 0x0000000089100000|  0%| F|  |TAMS 0x0000000089000000, 0x0000000089000000| Untracked 
| 127|0x0000000089100000, 0x0000000089100000, 0x0000000089200000|  0%| F|  |TAMS 0x0000000089100000, 0x0000000089100000| Untracked 

Card table byte_map: [0x000002e3c6510000,0x000002e3c6910000] _byte_map_base: 0x000002e3c6107000

Marking Bits (Prev, Next): (CMBitMap*) 0x000002e3b1860578, (CMBitMap*) 0x000002e3b18605b0
 Prev Bits: [0x000002e3c6d10000, 0x000002e3c8cc8000)
 Next Bits: [0x000002e3c8cd0000, 0x000002e3cac88000)

Polling page: 0x000002e3b16d0000

Metaspace:

Usage:
  Non-class:     38.99 MB capacity,    38.70 MB (>99%) used,   224.73 KB ( <1%) free+waste,    64.75 KB ( <1%) overhead. 
      Class:      5.34 MB capacity,     5.13 MB ( 96%) used,   188.65 KB (  3%) free+waste,    28.38 KB ( <1%) overhead. 
       Both:     44.33 MB capacity,    43.83 MB ( 99%) used,   413.38 KB ( <1%) free+waste,    93.13 KB ( <1%) overhead. 

Virtual space:
  Non-class space:       40.00 MB reserved,      39.08 MB ( 98%) committed 
      Class space:        1.00 GB reserved,       5.38 MB ( <1%) committed 
             Both:        1.04 GB reserved,      44.45 MB (  4%) committed 

Chunk freelists:
   Non-Class:  95.00 KB
       Class:  0 bytes
        Both:  95.00 KB

MaxMetaspaceSize: 17179869184.00 GB
CompressedClassSpaceSize: 1.00 GB
Initial GC threshold: 20.80 MB
Current GC threshold: 59.30 MB
CDS: off

CodeHeap 'non-profiled nmethods': size=120064Kb used=1635Kb max_used=1635Kb free=118428Kb
 bounds [0x000002e3be5b0000, 0x000002e3be820000, 0x000002e3c5af0000]
CodeHeap 'profiled nmethods': size=120000Kb used=7502Kb max_used=7502Kb free=112497Kb
 bounds [0x000002e3b7080000, 0x000002e3b77e0000, 0x000002e3be5b0000]
CodeHeap 'non-nmethods': size=5696Kb used=1262Kb max_used=1294Kb free=4433Kb
 bounds [0x000002e3b6af0000, 0x000002e3b6d60000, 0x000002e3b7080000]
 total_blobs=4207 nmethods=3662 adapters=456
 compilation: enabled
              stopped_count=0, restarted_count=0
 full_count=0

Compilation events (20 events):
Event: 9.902 Thread 0x000002e3cd304800 nmethod 3597 0x000002e3be748410 code [0x000002e3be7485a0, 0x000002e3be7486d8]
Event: 9.902 Thread 0x000002e3cd304800 3626       4       org.jetbrains.kotlin.it.unimi.dsi.fastutil.ints.IntArrayList::add (55 bytes)
Event: 9.903 Thread 0x000002e3cd30a800 3681       2       org.jetbrains.kotlin.parsing.KotlinParsing::lastDotAfterReceiver (72 bytes)
Event: 9.904 Thread 0x000002e3cd30a800 nmethod 3681 0x000002e3b77c9a90 code [0x000002e3b77c9ce0, 0x000002e3b77ca468]
Event: 9.904 Thread 0x000002e3cd30a800 3682       2       org.jetbrains.kotlin.parsing.KotlinParsing::definitelyOutOfReceiver (57 bytes)
Event: 9.904 Thread 0x000002e3cd30a800 nmethod 3682 0x000002e3b77ca690 code [0x000002e3b77ca8a0, 0x000002e3b77caea8]
Event: 9.907 Thread 0x000002e3cd30a800 3683       2       org.jetbrains.kotlin.parsing.KotlinParsing::parseValueParameterList (240 bytes)
Event: 9.908 Thread 0x000002e3cd304800 nmethod 3626 0x000002e3be748790 code [0x000002e3be748940, 0x000002e3be748bc8]
Event: 9.908 Thread 0x000002e3cd304800 3680       4       org.jetbrains.kotlin.parsing.AbstractKotlinParsing::at (114 bytes)
Event: 9.910 Thread 0x000002e3cd30a800 nmethod 3683 0x000002e3b77cb090 code [0x000002e3b77cb440, 0x000002e3b77cc148]
Event: 9.910 Thread 0x000002e3cd30a800 3684       2       org.jetbrains.kotlin.parsing.KotlinParsing::parseFunctionParameterRest (170 bytes)
Event: 9.911 Thread 0x000002e3cd30a800 nmethod 3684 0x000002e3b77cca90 code [0x000002e3b77ccd80, 0x000002e3b77cd3f8]
Event: 9.911 Thread 0x000002e3cd30a800 3685       2       org.jetbrains.kotlin.parsing.KotlinExpressionParsing$Precedence$2::parseHigherPrecedence (5 bytes)
Event: 9.911 Thread 0x000002e3cd30a800 nmethod 3685 0x000002e3b77cd810 code [0x000002e3b77cd9c0, 0x000002e3b77cdae8]
Event: 9.911 Thread 0x000002e3cd30a800 3686       2       org.jetbrains.kotlin.parsing.KotlinExpressionParsing::access$200 (5 bytes)
Event: 9.912 Thread 0x000002e3cd30a800 nmethod 3686 0x000002e3b77cdc10 code [0x000002e3b77cddc0, 0x000002e3b77cdec8]
Event: 9.912 Thread 0x000002e3cd30a800 3687       2       org.jetbrains.kotlin.parsing.KotlinExpressionParsing::parseCallSuffix (118 bytes)
Event: 9.913 Thread 0x000002e3cd30a800 nmethod 3687 0x000002e3b77cdf90 code [0x000002e3b77ce200, 0x000002e3b77ce628]
Event: 9.913 Thread 0x000002e3cd30a800 3688       2       org.jetbrains.kotlin.parsing.KotlinParsing::parseProperty (585 bytes)
Event: 9.920 Thread 0x000002e3cd30a800 nmethod 3688 0x000002e3b77ce910 code [0x000002e3b77cefe0, 0x000002e3b77d1d48]

GC Heap History (9 events):
Event: 0.857 GC heap before
{Heap before GC invocations=0 (full 0):
 garbage-first heap   total 131072K, used 17408K [0x0000000081200000, 0x0000000100000000)
  region size 1024K, 14 young (14336K), 0 survivors (0K)
 Metaspace       used 9686K, capacity 9778K, committed 9856K, reserved 1058816K
  class space    used 813K, capacity 853K, committed 896K, reserved 1048576K
}
Event: 0.862 GC heap after
{Heap after GC invocations=1 (full 0):
 garbage-first heap   total 131072K, used 5319K [0x0000000081200000, 0x0000000100000000)
  region size 1024K, 2 young (2048K), 2 survivors (2048K)
 Metaspace       used 9686K, capacity 9778K, committed 9856K, reserved 1058816K
  class space    used 813K, capacity 853K, committed 896K, reserved 1048576K
}
Event: 3.018 GC heap before
{Heap before GC invocations=1 (full 0):
 garbage-first heap   total 131072K, used 53447K [0x0000000081200000, 0x0000000100000000)
  region size 1024K, 50 young (51200K), 2 survivors (2048K)
 Metaspace       used 20887K, capacity 21178K, committed 21296K, reserved 1069056K
  class space    used 2248K, capacity 2379K, committed 2432K, reserved 1048576K
}
Event: 3.033 GC heap after
{Heap after GC invocations=2 (full 0):
 garbage-first heap   total 131072K, used 9298K [0x0000000081200000, 0x0000000100000000)
  region size 1024K, 6 young (6144K), 6 survivors (6144K)
 Metaspace       used 20887K, capacity 21178K, committed 21296K, reserved 1069056K
  class space    used 2248K, capacity 2379K, committed 2432K, reserved 1048576K
}
Event: 6.988 GC heap before
{Heap before GC invocations=3 (full 0):
 garbage-first heap   total 131072K, used 63570K [0x0000000081200000, 0x0000000100000000)
  region size 1024K, 54 young (55296K), 6 survivors (6144K)
 Metaspace       used 31754K, capacity 32265K, committed 32560K, reserved 1077248K
  class space    used 3747K, capacity 3941K, committed 3968K, reserved 1048576K
}
Event: 7.017 GC heap after
{Heap after GC invocations=4 (full 0):
 garbage-first heap   total 131072K, used 21089K [0x0000000081200000, 0x0000000100000000)
  region size 1024K, 7 young (7168K), 7 survivors (7168K)
 Metaspace       used 31754K, capacity 32265K, committed 32560K, reserved 1077248K
  class space    used 3747K, capacity 3941K, committed 3968K, reserved 1048576K
}
Event: 7.787 GC heap before
{Heap before GC invocations=4 (full 0):
 garbage-first heap   total 131072K, used 38497K [0x0000000081200000, 0x0000000100000000)
  region size 1024K, 25 young (25600K), 7 survivors (7168K)
 Metaspace       used 35185K, capacity 35666K, committed 35920K, reserved 1081344K
  class space    used 4334K, capacity 4519K, committed 4608K, reserved 1048576K
}
Event: 7.809 GC heap after
{Heap after GC invocations=5 (full 0):
 garbage-first heap   total 131072K, used 23603K [0x0000000081200000, 0x0000000100000000)
  region size 1024K, 3 young (3072K), 3 survivors (3072K)
 Metaspace       used 35185K, capacity 35666K, committed 35920K, reserved 1081344K
  class space    used 4334K, capacity 4519K, committed 4608K, reserved 1048576K
}
Event: 9.922 GC heap before
{Heap before GC invocations=6 (full 0):
 garbage-first heap   total 131072K, used 77875K [0x0000000081200000, 0x0000000100000000)
  region size 1024K, 56 young (57344K), 3 survivors (3072K)
 Metaspace       used 44886K, capacity 45393K, committed 45520K, reserved 1089536K
  class space    used 5254K, capacity 5472K, committed 5504K, reserved 1048576K
}

Deoptimization events (20 events):
Event: 9.633 Thread 0x000002e3b1820000 Uncommon trap: trap_request=0xffffff4d fr.pc=0x000002e3be732c68 relative=0x00000000000005c8
Event: 9.633 Thread 0x000002e3b1820000 Uncommon trap: reason=unstable_if action=reinterpret pc=0x000002e3be732c68 method=org.jetbrains.kotlin.parsing.SemanticWhitespaceAwarePsiBuilderImpl.getJoinedTokenType(Lorg/jetbrains/kotlin/com/intellij/psi/tree/IElementType;I)Lorg/jetbrains/kotlin/com/in
Event: 9.633 Thread 0x000002e3b1820000 DEOPT PACKING pc=0x000002e3be732c68 sp=0x000000e4ad9fb760
Event: 9.633 Thread 0x000002e3b1820000 DEOPT UNPACKING pc=0x000002e3b6b3a1af sp=0x000000e4ad9fb6a8 mode 2
Event: 9.633 Thread 0x000002e3b1820000 Uncommon trap: trap_request=0xffffff4d fr.pc=0x000002e3be71b930 relative=0x00000000000000f0
Event: 9.633 Thread 0x000002e3b1820000 Uncommon trap: reason=unstable_if action=reinterpret pc=0x000002e3be71b930 method=org.jetbrains.kotlin.parsing.SemanticWhitespaceAwarePsiBuilderImpl.getJoinedTokenType(Lorg/jetbrains/kotlin/com/intellij/psi/tree/IElementType;I)Lorg/jetbrains/kotlin/com/in
Event: 9.633 Thread 0x000002e3b1820000 DEOPT PACKING pc=0x000002e3be71b930 sp=0x000000e4ad9fb720
Event: 9.633 Thread 0x000002e3b1820000 DEOPT UNPACKING pc=0x000002e3b6b3a1af sp=0x000000e4ad9fb6a0 mode 2
Event: 9.725 Thread 0x000002e3b1820000 Uncommon trap: trap_request=0xffffffde fr.pc=0x000002e3be72095c relative=0x000000000000067c
Event: 9.725 Thread 0x000002e3b1820000 Uncommon trap: reason=class_check action=maybe_recompile pc=0x000002e3be72095c method=org.jetbrains.kotlin.parsing.AbstractKotlinParsing.at(Lorg/jetbrains/kotlin/com/intellij/psi/tree/IElementType;)Z @ 87 c2
Event: 9.725 Thread 0x000002e3b1820000 DEOPT PACKING pc=0x000002e3be72095c sp=0x000000e4ad9fb1b0
Event: 9.725 Thread 0x000002e3b1820000 DEOPT UNPACKING pc=0x000002e3b6b3a1af sp=0x000000e4ad9fb150 mode 2
Event: 9.885 Thread 0x000002e3b1820000 Uncommon trap: trap_request=0xffffffde fr.pc=0x000002e3be72095c relative=0x000000000000067c
Event: 9.885 Thread 0x000002e3b1820000 Uncommon trap: reason=class_check action=maybe_recompile pc=0x000002e3be72095c method=org.jetbrains.kotlin.parsing.AbstractKotlinParsing.at(Lorg/jetbrains/kotlin/com/intellij/psi/tree/IElementType;)Z @ 87 c2
Event: 9.885 Thread 0x000002e3b1820000 DEOPT PACKING pc=0x000002e3be72095c sp=0x000000e4ad9fb810
Event: 9.885 Thread 0x000002e3b1820000 DEOPT UNPACKING pc=0x000002e3b6b3a1af sp=0x000000e4ad9fb7b0 mode 2
Event: 9.886 Thread 0x000002e3b1820000 Uncommon trap: trap_request=0xffffffde fr.pc=0x000002e3be72095c relative=0x000000000000067c
Event: 9.886 Thread 0x000002e3b1820000 Uncommon trap: reason=class_check action=maybe_recompile pc=0x000002e3be72095c method=org.jetbrains.kotlin.parsing.AbstractKotlinParsing.at(Lorg/jetbrains/kotlin/com/intellij/psi/tree/IElementType;)Z @ 87 c2
Event: 9.886 Thread 0x000002e3b1820000 DEOPT PACKING pc=0x000002e3be72095c sp=0x000000e4ad9fca60
Event: 9.886 Thread 0x000002e3b1820000 DEOPT UNPACKING pc=0x000002e3b6b3a1af sp=0x000000e4ad9fca10 mode 2

Classes redefined (0 events):
No events

Internal exceptions (20 events):
Event: 3.217 Thread 0x000002e3b1820000 Exception <a 'java/lang/NoSuchMethodError'{0x0000000088bb6e08}: 'int java.lang.invoke.DirectMethodHandle$Holder.invokeStaticInit(java.lang.Object, java.lang.Object, java.lang.Object)'> (0x0000000088bb6e08) thrown at [./src/hotspot/share/interpreter/linkResolver.cpp, line 773]
Event: 3.224 Thread 0x000002e3b1820000 Exception <a 'java/lang/NoSuchMethodError'{0x0000000088be27f8}: 'int java.lang.invoke.DirectMethodHandle$Holder.invokeStaticInit(java.lang.Object, java.lang.Object)'> (0x0000000088be27f8) thrown at [./src/hotspot/share/interpreter/linkResolver.cpp, line 773]
Event: 3.306 Thread 0x000002e3b1820000 Exception <a 'java/lang/NoSuchMethodError'{0x000000008880a260}: 'void java.lang.invoke.DirectMethodHandle$Holder.invokeSpecial(java.lang.Object, java.lang.Object)'> (0x000000008880a260) thrown at [./src/hotspot/share/interpreter/linkResolver.cpp, line 773]
Event: 3.901 Thread 0x000002e3b1820000 Exception <a 'java/lang/NoSuchMethodError'{0x0000000088096e80}: 'java.lang.Object java.lang.invoke.DirectMethodHandle$Holder.invokeStatic(java.lang.Object, java.lang.Object, java.lang.Object, java.lang.Object, java.lang.Object, java.lang.Object, java.lang.Object, java.lang.Object, java.lang.Object, java.lang.Object, java.lang.Object, java.lang.Object, java.lang.Object, java.lang.Object, java.lang.Object)'> (0x0000000088096e80) thrown at [./src/hotspot/share/interpreter/linkResolver.cpp, line 773]
Event: 3.919 Thread 0x000002e3b1820000 Exception <a 'java/lang/NoSuchMethodError'{0x00000000880a4e88}: 'java.lang.Object java.lang.invoke.DirectMethodHandle$Holder.invokeStatic(java.lang.Object, java.lang.Object, java.lang.Object, java.lang.Object, java.lang.Object, java.lang.Object, java.lang.Object, java.lang.Object, java.lang.Object, java.lang.Object, java.lang.Object, java.lang.Object, java.lang.Object, java.lang.Object, java.lang.Object, java.lang.Object)'> (0x00000000880a4e88) thrown at [./src/hotspot/share/interpreter/linkResolver.cpp, l
Event: 3.938 Thread 0x000002e3b1820000 Exception <a 'java/lang/NoSuchMethodError'{0x00000000880b2da0}: 'java.lang.Object java.lang.invoke.DirectMethodHandle$Holder.invokeSpecial(java.lang.Object, java.lang.Object, int, int, java.lang.Object, java.lang.Object, java.lang.Object)'> (0x00000000880b2da0) thrown at [./src/hotspot/share/interpreter/linkResolver.cpp, line 773]
Event: 3.939 Thread 0x000002e3b1820000 Exception <a 'java/lang/NoSuchMethodError'{0x00000000880b65d8}: 'java.lang.Object java.lang.invoke.DelegatingMethodHandle$Holder.reinvoke_L(java.lang.Object, int, int, java.lang.Object, java.lang.Object, java.lang.Object)'> (0x00000000880b65d8) thrown at [./src/hotspot/share/interpreter/linkResolver.cpp, line 773]
Event: 3.941 Thread 0x000002e3b1820000 Exception <a 'java/lang/NoSuchMethodError'{0x00000000880ba960}: 'java.lang.Object java.lang.invoke.DirectMethodHandle$Holder.invokeStatic(java.lang.Object, java.lang.Object, java.lang.Object, java.lang.Object, int)'> (0x00000000880ba960) thrown at [./src/hotspot/share/interpreter/linkResolver.cpp, line 773]
Event: 4.050 Thread 0x000002e3b1820000 Exception <a 'sun/nio/fs/WindowsException'{0x0000000087ffdde8}> (0x0000000087ffdde8) thrown at [./src/hotspot/share/prims/jni.cpp, line 616]
Event: 4.051 Thread 0x000002e3b1820000 Exception <a 'sun/nio/fs/WindowsException'{0x0000000087ffe660}> (0x0000000087ffe660) thrown at [./src/hotspot/share/prims/jni.cpp, line 616]
Event: 4.051 Thread 0x000002e3b1820000 Exception <a 'sun/nio/fs/WindowsException'{0x0000000087ffeee8}> (0x0000000087ffeee8) thrown at [./src/hotspot/share/prims/jni.cpp, line 616]
Event: 4.051 Thread 0x000002e3b1820000 Exception <a 'sun/nio/fs/WindowsException'{0x0000000087fff8e0}> (0x0000000087fff8e0) thrown at [./src/hotspot/share/prims/jni.cpp, line 616]
Event: 4.052 Thread 0x000002e3b1820000 Exception <a 'sun/nio/fs/WindowsException'{0x0000000087e00468}> (0x0000000087e00468) thrown at [./src/hotspot/share/prims/jni.cpp, line 616]
Event: 4.052 Thread 0x000002e3b1820000 Exception <a 'sun/nio/fs/WindowsException'{0x0000000087e01060}> (0x0000000087e01060) thrown at [./src/hotspot/share/prims/jni.cpp, line 616]
Event: 4.056 Thread 0x000002e3b1820000 Exception <a 'java/lang/NoSuchMethodError'{0x0000000087e08670}: 'void java.lang.invoke.DirectMethodHandle$Holder.invokeStatic(java.lang.Object, java.lang.Object, java.lang.Object, java.lang.Object)'> (0x0000000087e08670) thrown at [./src/hotspot/share/interpreter/linkResolver.cpp, line 773]
Event: 4.577 Thread 0x000002e3b1820000 Exception <a 'java/lang/NoSuchMethodError'{0x0000000087bf6870}: 'void java.lang.invoke.DirectMethodHandle$Holder.invokeStaticInit(java.lang.Object, java.lang.Object)'> (0x0000000087bf6870) thrown at [./src/hotspot/share/interpreter/linkResolver.cpp, line 773]
Event: 4.835 Thread 0x000002e3b1820000 Exception <a 'java/lang/NoSuchMethodError'{0x0000000087505920}: 'void java.lang.invoke.DirectMethodHandle$Holder.invokeVirtual(java.lang.Object, java.lang.Object)'> (0x0000000087505920) thrown at [./src/hotspot/share/interpreter/linkResolver.cpp, line 773]
Event: 4.855 Thread 0x000002e3b1820000 Exception <a 'java/lang/NoSuchMethodError'{0x000000008757e6c8}: 'int java.lang.invoke.DirectMethodHandle$Holder.invokeVirtual(java.lang.Object, java.lang.Object)'> (0x000000008757e6c8) thrown at [./src/hotspot/share/interpreter/linkResolver.cpp, line 773]
Event: 7.995 Thread 0x000002e3b1820000 Exception <a 'java/lang/NoSuchMethodError'{0x0000000088c064c8}: 'java.lang.Object java.lang.invoke.DirectMethodHandle$Holder.invokeVirtual(java.lang.Object, java.lang.Object, java.lang.Object)'> (0x0000000088c064c8) thrown at [./src/hotspot/share/interpreter/linkResolver.cpp, line 773]
Event: 9.359 Thread 0x000002e3b1820000 Exception <a 'java/lang/NoSuchMethodError'{0x00000000860a0318}: 'java.lang.Object java.lang.invoke.Invokers$Holder.linkToTargetMethod(java.lang.Object, int, java.lang.Object)'> (0x00000000860a0318) thrown at [./src/hotspot/share/interpreter/linkResolver.cpp, line 773]

Events (20 events):
Event: 9.364 loading class org/jetbrains/kotlin/parsing/KotlinParsing$3 done
Event: 9.365 loading class org/jetbrains/kotlin/parsing/KotlinParsing$PropertyComponentKind$Collector
Event: 9.365 loading class org/jetbrains/kotlin/parsing/KotlinParsing$PropertyComponentKind$Collector done
Event: 9.373 loading class org/jetbrains/kotlin/parsing/PrecedingDocCommentsBinder
Event: 9.373 loading class org/jetbrains/kotlin/parsing/PrecedingDocCommentsBinder done
Event: 9.410 loading class org/jetbrains/kotlin/kdoc/psi/impl/KDocImpl
Event: 9.410 loading class org/jetbrains/kotlin/kdoc/psi/impl/KDocImpl done
Event: 9.411 loading class org/jetbrains/kotlin/kdoc/psi/api/KDoc
Event: 9.411 loading class org/jetbrains/kotlin/kdoc/psi/api/KDoc done
Event: 9.411 loading class org/jetbrains/kotlin/com/intellij/psi/PsiDocCommentBase
Event: 9.411 loading class org/jetbrains/kotlin/com/intellij/psi/PsiDocCommentBase done
Event: 9.412 loading class org/jetbrains/kotlin/kdoc/psi/api/KDocElement
Event: 9.412 loading class org/jetbrains/kotlin/kdoc/psi/api/KDocElement done
Event: 9.550 Executing VM operation: ICBufferFull
Event: 9.550 Executing VM operation: ICBufferFull done
Event: 9.570 loading class org/jetbrains/kotlin/parsing/KotlinParsing$PropertyComponentKind
Event: 9.570 loading class org/jetbrains/kotlin/parsing/KotlinParsing$PropertyComponentKind done
Event: 9.850 loading class org/jetbrains/kotlin/parsing/BindFirstShebangWithWhitespaceOnly
Event: 9.850 loading class org/jetbrains/kotlin/parsing/BindFirstShebangWithWhitespaceOnly done
Event: 9.922 Executing VM operation: G1CollectForAllocation


Dynamic libraries:
0x00007ff7845c0000 - 0x00007ff7845ca000 	C:\Program Files\Android\Android Studio1\jre\bin\java.exe
0x00007ff96ead0000 - 0x00007ff96ecc8000 	C:\Windows\SYSTEM32\ntdll.dll
0x00007ff96d7c0000 - 0x00007ff96d87d000 	C:\Windows\System32\KERNEL32.DLL
0x00007ff96c580000 - 0x00007ff96c876000 	C:\Windows\System32\KERNELBASE.dll
0x00007ff96c9a0000 - 0x00007ff96caa0000 	C:\Windows\System32\ucrtbase.dll
0x00007ff964d00000 - 0x00007ff964d17000 	C:\Program Files\Android\Android Studio1\jre\bin\VCRUNTIME140.dll
0x00007ff964d20000 - 0x00007ff964d39000 	C:\Program Files\Android\Android Studio1\jre\bin\jli.dll
0x00007ff96dcf0000 - 0x00007ff96de8e000 	C:\Windows\System32\USER32.dll
0x00007ff96c450000 - 0x00007ff96c472000 	C:\Windows\System32\win32u.dll
0x00007ff96e5e0000 - 0x00007ff96e60b000 	C:\Windows\System32\GDI32.dll
0x00007ff95c330000 - 0x00007ff95c5ca000 	C:\Windows\WinSxS\amd64_microsoft.windows.common-controls_6595b64144ccf1df_6.0.19041.3636_none_60b6a03d71f818d5\COMCTL32.dll
0x00007ff96c880000 - 0x00007ff96c997000 	C:\Windows\System32\gdi32full.dll
0x00007ff96d720000 - 0x00007ff96d7be000 	C:\Windows\System32\msvcrt.dll
0x00007ff96c380000 - 0x00007ff96c41d000 	C:\Windows\System32\msvcp_win.dll
0x00007ff96dcb0000 - 0x00007ff96dce2000 	C:\Windows\System32\IMM32.DLL
0x00007ff9409d0000 - 0x00007ff940a6d000 	C:\Program Files\Android\Android Studio1\jre\bin\msvcp140.dll
0x00007ff93fc90000 - 0x00007ff940792000 	C:\Program Files\Android\Android Studio1\jre\bin\server\jvm.dll
0x00007ff96d5f0000 - 0x00007ff96d6a3000 	C:\Windows\System32\ADVAPI32.dll
0x00007ff96db80000 - 0x00007ff96dc1f000 	C:\Windows\System32\sechost.dll
0x00007ff96ccc0000 - 0x00007ff96cde6000 	C:\Windows\System32\RPCRT4.dll
0x00007ff96c420000 - 0x00007ff96c447000 	C:\Windows\System32\bcrypt.dll
0x00007ff96d890000 - 0x00007ff96d898000 	C:\Windows\System32\PSAPI.DLL
0x00007ff95ae10000 - 0x00007ff95ae37000 	C:\Windows\SYSTEM32\WINMM.dll
0x00007ff96a190000 - 0x00007ff96a199000 	C:\Windows\SYSTEM32\WSOCK32.dll
0x00007ff95dad0000 - 0x00007ff95dada000 	C:\Windows\SYSTEM32\VERSION.dll
0x00007ff96d6b0000 - 0x00007ff96d71b000 	C:\Windows\System32\WS2_32.dll
0x00007ff96a9d0000 - 0x00007ff96a9e2000 	C:\Windows\SYSTEM32\kernel.appcore.dll
0x00007ff967f50000 - 0x00007ff967f61000 	C:\Program Files\Android\Android Studio1\jre\bin\verify.dll
0x00007ff955770000 - 0x00007ff955954000 	C:\Windows\SYSTEM32\DBGHELP.DLL
0x00007ff957ce0000 - 0x00007ff957d14000 	C:\Windows\SYSTEM32\dbgcore.DLL
0x00007ff96c2f0000 - 0x00007ff96c372000 	C:\Windows\System32\bcryptPrimitives.dll
0x00007ff967f20000 - 0x00007ff967f49000 	C:\Program Files\Android\Android Studio1\jre\bin\java.dll
0x00007ff96a150000 - 0x00007ff96a15b000 	C:\Program Files\Android\Android Studio1\jre\bin\jimage.dll
0x00007ff967a40000 - 0x00007ff967a58000 	C:\Program Files\Android\Android Studio1\jre\bin\zip.dll
0x00007ff96cdf0000 - 0x00007ff96d535000 	C:\Windows\System32\SHELL32.dll
0x00007ff96a1f0000 - 0x00007ff96a98c000 	C:\Windows\SYSTEM32\windows.storage.dll
0x00007ff96e610000 - 0x00007ff96e964000 	C:\Windows\System32\combase.dll
0x00007ff96bbc0000 - 0x00007ff96bbee000 	C:\Windows\SYSTEM32\Wldp.dll
0x00007ff96da30000 - 0x00007ff96dafd000 	C:\Windows\System32\OLEAUT32.dll
0x00007ff96dfd0000 - 0x00007ff96e07d000 	C:\Windows\System32\SHCORE.dll
0x00007ff96dc50000 - 0x00007ff96dca5000 	C:\Windows\System32\shlwapi.dll
0x00007ff96c0c0000 - 0x00007ff96c0e5000 	C:\Windows\SYSTEM32\profapi.dll
0x00007ff966680000 - 0x00007ff96669a000 	C:\Program Files\Android\Android Studio1\jre\bin\net.dll
0x00007ff95ff80000 - 0x00007ff96008a000 	C:\Windows\SYSTEM32\WINHTTP.dll
0x00007ff96b920000 - 0x00007ff96b98a000 	C:\Windows\system32\mswsock.dll
0x00007ff966660000 - 0x00007ff966674000 	C:\Program Files\Android\Android Studio1\jre\bin\nio.dll

dbghelp: loaded successfully - version: 4.0.5 - missing functions: none
symbol engine: initialized successfully - sym options: 0x614 - pdb path: .;C:\Program Files\Android\Android Studio1\jre\bin;C:\Windows\SYSTEM32;C:\Windows\WinSxS\amd64_microsoft.windows.common-controls_6595b64144ccf1df_6.0.19041.3636_none_60b6a03d71f818d5;C:\Program Files\Android\Android Studio1\jre\bin\server

VM Arguments:
java_command: org.jetbrains.kotlin.cli.jvm.K2JVMCompiler @E:\Denso2\app\build\20240213_15077048216073309871.compiler.options
java_class_path (initial): C:\Users\Admin\.gradle\wrapper\dists\gradle-7.3.2-bin\caches\modules-2\files-2.1\org.jetbrains.kotlin\kotlin-compiler-embeddable\1.6.21\97bdd5a752ce73b58ef16c17bc7f0ea2faff7a2e\kotlin-compiler-embeddable-1.6.21.jar;C:\Users\Admin\.gradle\wrapper\dists\gradle-7.3.2-bin\caches\modules-2\files-2.1\org.jetbrains.kotlin\kotlin-reflect\1.6.21\5dc3574d9b7bebfcb4ec6b10ada4aaa9e140bd0b\kotlin-reflect-1.6.21.jar;C:\Users\Admin\.gradle\wrapper\dists\gradle-7.3.2-bin\caches\modules-2\files-2.1\org.jetbrains.kotlin\kotlin-stdlib\1.6.21\11ef67f1900634fd951bad28c53ec957fabbe5b8\kotlin-stdlib-1.6.21.jar;C:\Users\Admin\.gradle\wrapper\dists\gradle-7.3.2-bin\caches\modules-2\files-2.1\org.jetbrains.kotlin\kotlin-script-runtime\1.6.21\99c6675100da5d6d5b1c5a1032f27f28008d101b\kotlin-script-runtime-1.6.21.jar;C:\Users\Admin\.gradle\wrapper\dists\gradle-7.3.2-bin\caches\modules-2\files-2.1\org.jetbrains.kotlin\kotlin-daemon-embeddable\1.6.21\46b78cf392e1c4f10854c3cadba44abb7b82250f\kotlin-daemon-embeddable-1.6.21.jar;C:\Users\Admin\.gradle\wrapper\dists\gradle-7.3.2-bin\caches\modules-2\files-2.1\org.jetbrains.intellij.deps\trove4j\1.0.20200330\3afb14d5f9ceb459d724e907a21145e8ff394f02\trove4j-1.0.20200330.jar;C:\Users\Admin\.gradle\wrapper\dists\gradle-7.3.2-bin\caches\modules-2\files-2.1\net.java.dev.jna\jna\5.6.0\330f2244e9030119ab3030fc3fededc86713d9cc\jna-5.6.0.jar;C:\Users\Admin\.gradle\wrapper\dists\gradle-7.3.2-bin\caches\modules-2\files-2.1\org.jetbrains.kotlin\kotlin-stdlib-common\1.6.21\5e5b55c26dbc80372a920aef60eb774b714559b8\kotlin-stdlib-common-1.6.21.jar;C:\Users\Admin\.gradle\wrapper\dists\gradle-7.3.2-bin\caches\modules-2\files-2.1\org.jetbrains\annotations\13.0\919f0dfe192fb4e063e7dacadee7f8bb9a2672a9\annotations-13.0.jar
Launcher Type: SUN_STANDARD

[Global flags]
     intx CICompilerCount                          = 3                                         {product} {ergonomic}
     uint ConcGCThreads                            = 1                                         {product} {ergonomic}
     uint G1ConcRefinementThreads                  = 4                                         {product} {ergonomic}
   size_t G1HeapRegionSize                         = 1048576                                   {product} {ergonomic}
    uintx GCDrainStackTargetSize                   = 64                                        {product} {ergonomic}
   size_t InitialHeapSize                          = 134217728                                 {product} {ergonomic}
   size_t MarkStackSize                            = 4194304                                   {product} {ergonomic}
   size_t MaxHeapSize                              = 2128609280                                {product} {ergonomic}
   size_t MaxNewSize                               = 1277165568                                {product} {ergonomic}
   size_t MinHeapDeltaBytes                        = 1048576                                   {product} {ergonomic}
    uintx NonNMethodCodeHeapSize                   = 5830732                                {pd product} {ergonomic}
    uintx NonProfiledCodeHeapSize                  = 122913754                              {pd product} {ergonomic}
    uintx ProfiledCodeHeapSize                     = 122913754                              {pd product} {ergonomic}
    uintx ReservedCodeCacheSize                    = 251658240                              {pd product} {ergonomic}
     bool SegmentedCodeCache                       = true                                      {product} {ergonomic}
     bool UseCompressedClassPointers               = true                                 {lp64_product} {ergonomic}
     bool UseCompressedOops                        = true                                 {lp64_product} {ergonomic}
     bool UseG1GC                                  = true                                      {product} {ergonomic}
     bool UseLargePagesIndividualAllocation        = false                                  {pd product} {ergonomic}

Logging:
Log output configuration:
 #0: stdout all=warning uptime,level,tags
 #1: stderr all=off uptime,level,tags

Environment Variables:
JAVA_HOME=C:\Users\Admin
PATH=C:\Program Files\Common Files\Oracle\Java\javapath;C:\Program Files (x86)\Common Files\Oracle\Java\javapath;C:\Windows\system32;C:\Windows;C:\Windows\System32\Wbem;C:\Windows\System32\WindowsPowerShell\v1.0\;C:\Windows\System32\OpenSSH\;C:\Program Files\Git\cmd;C:\Program Files\dotnet\;C:\Program Files (x86)\dotnet\;C:\Users\Admin\AppData\Local\Microsoft\WindowsApps;C:\Program Files (x86)\Nmap
USERNAME=Admin
OS=Windows_NT
PROCESSOR_IDENTIFIER=Intel64 Family 6 Model 69 Stepping 1, GenuineIntel



---------------  S Y S T E M  ---------------

OS: Windows 10 , 64 bit Build 19041 (10.0.19041.3636)
OS uptime: 5 days 10:23 hours

CPU:total 4 (initial active 4) (2 cores per cpu, 2 threads per core) family 6 model 69 stepping 1 microcode 0x25, cmov, cx8, fxsr, mmx, sse, sse2, sse3, ssse3, sse4.1, sse4.2, popcnt, avx, avx2, aes, clmul, erms, lzcnt, ht, tsc, tscinvbit, bmi1, bmi2, fma

Memory: 4k page, system-wide physical 8113M (397M free)
TotalPageFile size 15537M (AvailPageFile size 13M)
current process WorkingSet (physical memory assigned to process): 221M, peak: 221M
current process commit charge ("private bytes"): 293M, peak: 319M

vm_info: OpenJDK 64-Bit Server VM (11.0.13+0-b1751.21-8125866) for windows-amd64 JRE (11.0.13+0-b1751.21-8125866), built on Feb  2 2022 03:00:22 by "builder" with MS VC++ 14.0 (VS2015)

END.
